<?xml version="1.0" encoding="UTF-8"?>
<testsuite name="com.practice.ArrayExTest" tests="4" skipped="0" failures="0" errors="0" timestamp="2015-03-31T15:56:29" hostname="GS-2.local" time="0.005">
  <properties/>
  <testcase name="hasRepeatedLetters" classname="com.practice.ArrayExTest" time="0.002"/>
  <testcase name="isPelindromeTest" classname="com.practice.ArrayExTest" time="0.001"/>
  <testcase name="ReverseTest" classname="com.practice.ArrayExTest" time="0.0"/>
  <testcase name="MergeArraysTest" classname="com.practice.ArrayExTest" time="0.001"/>
  <system-out><![CDATA[]]></system-out>
  <system-err><![CDATA[]]></system-err>
</testsuite>
